2024-03-17T13:46:33.7617: Connect
2024-03-17T13:46:34.0371: using: adb.us-ashburn-1.oraclecloud.com:1522 ..... [SUCCEED]
2024-03-17T13:46:34.0371: Using SSL/TLS
2024-03-17T13:46:34.0372: Open :(description= (retry_count=20)(retry_delay=3)(address=(protocol=tcps)(port=1522)(host=adb.us-ashburn-1.oraclecloud.com))(connect_data=(service_name=g03605989f2ec5c_y12pb5ffee5jp7y5_medium.adb.oraclecloud.com))(security=(ssl_server_dn_match=yes)))
2024-03-17T13:46:34.0372: 
Write packet:
00000000  00 46 00 00 01 00 00 00  01 3d 01 2c 08 01 ff ff  |.F.......=.,....|
00000010  ff ff 4f 98 00 00 00 01  00 f6 00 46 00 00 00 00  |..O........F....|
00000020  01 01 00 00 00 00 00 00  00 00 00 00 00 00 00 00  |................|
00000030  00 00 00 00 00 00 00 00  00 00 00 20 00 00 00 20  |........... ... |
00000040  00 00 00 00 00 00                                 |......|
2024-03-17T13:46:34.3820: 
Write packet:
00000000  01 00 00 00 06 00 00 00  00 00 28 64 65 73 63 72  |..........(descr|
00000010  69 70 74 69 6f 6e 3d 20  28 72 65 74 72 79 5f 63  |iption= (retry_c|
00000020  6f 75 6e 74 3d 32 30 29  28 72 65 74 72 79 5f 64  |ount=20)(retry_d|
00000030  65 6c 61 79 3d 33 29 28  61 64 64 72 65 73 73 3d  |elay=3)(address=|
00000040  28 70 72 6f 74 6f 63 6f  6c 3d 74 63 70 73 29 28  |(protocol=tcps)(|
00000050  70 6f 72 74 3d 31 35 32  32 29 28 68 6f 73 74 3d  |port=1522)(host=|
00000060  61 64 62 2e 75 73 2d 61  73 68 62 75 72 6e 2d 31  |adb.us-ashburn-1|
00000070  2e 6f 72 61 63 6c 65 63  6c 6f 75 64 2e 63 6f 6d  |.oraclecloud.com|
00000080  29 29 28 63 6f 6e 6e 65  63 74 5f 64 61 74 61 3d  |))(connect_data=|
00000090  28 73 65 72 76 69 63 65  5f 6e 61 6d 65 3d 67 30  |(service_name=g0|
000000a0  33 36 30 35 39 38 39 66  32 65 63 35 63 5f 79 31  |3605989f2ec5c_y1|
000000b0  32 70 62 35 66 66 65 65  35 6a 70 37 79 35 5f 6d  |2pb5ffee5jp7y5_m|
000000c0  65 64 69 75 6d 2e 61 64  62 2e 6f 72 61 63 6c 65  |edium.adb.oracle|
000000d0  63 6c 6f 75 64 2e 63 6f  6d 29 29 28 73 65 63 75  |cloud.com))(secu|
000000e0  72 69 74 79 3d 28 73 73  6c 5f 73 65 72 76 65 72  |rity=(ssl_server|
000000f0  5f 64 6e 5f 6d 61 74 63  68 3d 79 65 73 29 29 29  |_dn_match=yes)))|
2024-03-17T13:46:34.5418: 
Read packet:
00000000  00 08 00 00 0b 08 00 00                           |........|
2024-03-17T13:46:35.1820: 
Read packet:
00000000  00 2d 00 00 02 00 00 00  01 3d 08 01 00 00 00 00  |.-.......=......|
00000010  01 00 00 00 00 2d 41 00  00 00 00 00 00 00 00 00  |.....-A.........|
00000020  00 00 20 00 00 00 7f ff  00 54 4f 43 4f           |.. ......TOCO|
2024-03-17T13:46:35.1821: Handshake Complete
2024-03-17T13:46:35.1821: Advance Negotiation
2024-03-17T13:46:35.1822: 
Write packet:
00000000  00 00 00 a1 06 00 00 00  00 00 de ad be ef 00 97  |................|
00000010  0b 20 02 00 00 04 00 00  04 00 03 00 00 00 00 00  |. ..............|
00000020  04 00 05 0b 20 02 00 00  08 00 01 00 00 10 1c 66  |.... ..........f|
00000030  ec 28 ea 00 12 00 01 de  ad be ef 00 03 00 00 00  |.(..............|
00000040  04 00 04 00 01 00 02 00  03 00 01 00 03 00 00 00  |................|
00000050  00 00 04 00 05 0b 20 02  00 00 02 00 03 e0 e1 00  |...... .........|
00000060  02 00 06 fc ff 00 02 00  03 00 00 00 00 00 04 00  |................|
00000070  05 0b 20 02 00 00 09 00  01 00 01 08 0a 06 02 0f  |.. .............|
00000080  10 11 00 01 00 02 01 00  03 00 02 00 00 00 00 00  |................|
00000090  04 00 05 0b 20 02 00 00  06 00 01 00 01 03 04 05  |.... ...........|
000000a0  06                                                |.|
2024-03-17T13:46:35.3607: 
Read packet:
00000000  00 00 00 7f 06 20 00 00  00 00 de ad be ef 00 75  |..... .........u|
00000010  00 00 00 00 00 04 00 00  04 00 03 00 00 00 00 00  |................|
00000020  04 00 05 13 00 00 00 00  02 00 06 00 1f 00 0e 00  |................|
00000030  01 de ad be ef 00 03 00  00 00 02 00 04 00 01 00  |................|
00000040  01 00 02 00 00 00 00 00  04 00 05 13 00 10 00 00  |................|
00000050  02 00 06 fb ff 00 02 00  02 00 00 00 00 00 04 00  |................|
00000060  05 13 00 10 00 00 01 00  02 00 00 03 00 02 00 00  |................|
00000070  00 00 00 04 00 05 13 00  10 00 00 01 00 02 00     |...............|
2024-03-17T13:46:35.3608: TCP Negotiation
2024-03-17T13:46:35.3608: 
Write packet:
00000000  00 00 00 1c 06 00 00 00  00 00 01 06 00 4f 72 61  |.............Ora|
00000010  63 6c 65 43 6c 69 65 6e  74 47 6f 00              |cleClientGo.|
2024-03-17T13:46:35.5696: 
Read packet:
00000000  00 00 00 f1 06 20 00 00  00 00 01 06 00 78 38 36  |..... .......x86|
00000010  5f 36 34 2f 4c 69 6e 75  78 20 32 2e 34 2e 78 78  |_64/Linux 2.4.xx|
00000020  00 69 03 01 0a 00 66 03  40 03 01 40 03 66 03 01  |.i....f.@..@.f..|
00000030  66 03 48 03 01 48 03 66  03 01 66 03 52 03 01 52  |f.H..H.f..f.R..R|
00000040  03 66 03 01 66 03 61 03  01 61 03 66 03 01 66 03  |.f..f.a..a.f..f.|
00000050  1f 03 08 1f 03 66 03 01  00 64 00 00 00 60 01 24  |.....f...d...`.$|
00000060  0f 05 0b 0c 03 0c 0c 05  04 05 0d 06 09 07 08 05  |................|
00000070  05 05 05 05 0f 05 05 05  05 05 0a 05 05 05 05 05  |................|
00000080  04 05 06 07 08 08 23 47  23 47 08 11 23 08 11 41  |......#G#G..#..A|
00000090  b0 47 00 83 03 69 07 d0  03 00 00 00 00 00 00 00  |.G...i..........|
000000a0  00 00 00 00 00 00 00 00  00 00 00 00 00 00 00 00  |................|
000000b0  00 00 00 00 00 00 00 00  00 00 00 00 00 00 2a 06  |..............*.|
000000c0  01 01 01 6f 04 01 0c 01  01 01 01 01 01 01 7f ff  |...o............|
000000d0  03 0e 03 03 01 01 ff 01  ff ff 01 0b 01 01 ff 01  |................|
000000e0  06 0b e2 01 7f 05 0f 1f  0d 07 02 01 00 01 18 00  |................|
000000f0  7f                                                |.|
2024-03-17T13:46:35.5697: Server Charset: 873
2024-03-17T13:46:35.5697: Server National Charset: 2000
2024-03-17T13:46:35.5697: Data Type Negotiation
2024-03-17T13:46:35.5697: 
Write packet:
00000000  00 00 0a 69 06 00 00 00  00 00 02 69 03 69 03 03  |...i.......i.i..|
00000010  29 06 01 00 00 6a 01 01  0b 01 01 01 01 01 01 00  |)....j..........|
00000020  29 90 03 07 03 00 01 00  eb 01 00 05 01 00 00 00  |)...............|
00000030  18 00 00 07 20 02 3a 00  00 05 07 02 01 00 00 00  |.... .:.........|
00000040  00 06 80 00 00 00 39 3c  3c 80 00 00 00 00 00 00  |......9<<.......|
00000050  20 d0 07 00 01 00 01 00  01 00 00 00 02 00 02 00  | ...............|
00000060  0a 00 00 00 08 00 08 00  01 00 00 00 0c 00 0c 00  |................|
00000070  0a 00 00 00 17 00 17 00  01 00 00 00 18 00 18 00  |................|
00000080  01 00 00 00 19 00 19 00  01 00 00 00 1a 00 1a 00  |................|
00000090  01 00 00 00 1b 00 1b 00  01 00 00 00 1c 00 1c 00  |................|
000000a0  01 00 00 00 1d 00 1d 00  01 00 00 00 1e 00 1e 00  |................|
000000b0  01 00 00 00 1f 00 1f 00  01 00 00 00 20 00 20 00  |............ . .|
000000c0  01 00 00 00 21 00 21 00  01 00 00 00 0a 00 0a 00  |....!.!.........|
000000d0  01 00 00 00 0b 00 0b 00  01 00 00 00 28 00 28 00  |............(.(.|
000000e0  01 00 00 00 29 00 29 00  01 00 00 00 75 00 75 00  |....).).....u.u.|
000000f0  01 00 00 00 78 00 78 00  01 00 00 01 22 01 22 00  |....x.x.....".".|
00000100  01 00 00 01 23 01 23 00  01 00 00 01 24 01 24 00  |....#.#.....$.$.|
00000110  01 00 00 01 25 01 25 00  01 00 00 01 26 01 26 00  |....%.%.....&.&.|
00000120  01 00 00 01 2a 01 2a 00  01 00 00 01 2b 01 2b 00  |....*.*.....+.+.|
00000130  01 00 00 01 2c 01 2c 00  01 00 00 01 2d 01 2d 00  |....,.,.....-.-.|
00000140  01 00 00 01 2e 01 2e 00  01 00 00 01 2f 01 2f 00  |...........././.|
00000150  01 00 00 01 30 01 30 00  01 00 00 01 31 01 31 00  |....0.0.....1.1.|
00000160  01 00 00 01 32 01 32 00  01 00 00 01 33 01 33 00  |....2.2.....3.3.|
00000170  01 00 00 01 34 01 34 00  01 00 00 01 35 01 35 00  |....4.4.....5.5.|
00000180  01 00 00 01 36 01 36 00  01 00 00 01 37 01 37 00  |....6.6.....7.7.|
00000190  01 00 00 01 38 01 38 00  01 00 00 01 39 01 39 00  |....8.8.....9.9.|
000001a0  01 00 00 01 3b 01 3b 00  01 00 00 01 3c 01 3c 00  |....;.;.....<.<.|
000001b0  01 00 00 01 3d 01 3d 00  01 00 00 01 3e 01 3e 00  |....=.=.....>.>.|
000001c0  01 00 00 01 3f 01 3f 00  01 00 00 01 40 01 40 00  |....?.?.....@.@.|
000001d0  01 00 00 01 41 01 41 00  01 00 00 01 42 01 42 00  |....A.A.....B.B.|
000001e0  01 00 00 01 43 01 43 00  01 00 00 01 47 01 47 00  |....C.C.....G.G.|
000001f0  01 00 00 01 48 01 48 00  01 00 00 01 49 01 49 00  |....H.H.....I.I.|
00000200  01 00 00 01 4b 01 4b 00  01 00 00 01 4d 01 4d 00  |....K.K.....M.M.|
00000210  01 00 00 01 4e 01 4e 00  01 00 00 01 4f 01 4f 00  |....N.N.....O.O.|
00000220  01 00 00 01 50 01 50 00  01 00 00 01 51 01 51 00  |....P.P.....Q.Q.|
00000230  01 00 00 01 52 01 52 00  01 00 00 01 53 01 53 00  |....R.R.....S.S.|
00000240  01 00 00 01 54 01 54 00  01 00 00 01 55 01 55 00  |....T.T.....U.U.|
00000250  01 00 00 01 56 01 56 00  01 00 00 01 57 01 57 00  |....V.V.....W.W.|
00000260  01 00 00 01 58 01 58 00  01 00 00 01 59 01 59 00  |....X.X.....Y.Y.|
00000270  01 00 00 01 5a 01 5a 00  01 00 00 01 5c 01 5c 00  |....Z.Z.....\.\.|
00000280  01 00 00 01 5d 01 5d 00  01 00 00 01 62 01 62 00  |....].].....b.b.|
00000290  01 00 00 01 63 01 63 00  01 00 00 01 67 01 67 00  |....c.c.....g.g.|
000002a0  01 00 00 01 6b 01 6b 00  01 00 00 01 7c 01 7c 00  |....k.k.....|.|.|
000002b0  01 00 00 01 7d 01 7d 00  01 00 00 01 7e 01 7e 00  |....}.}.....~.~.|
000002c0  01 00 00 01 7f 01 7f 00  01 00 00 01 80 01 80 00  |................|
000002d0  01 00 00 01 81 01 81 00  01 00 00 01 82 01 82 00  |................|
000002e0  01 00 00 01 83 01 83 00  01 00 00 01 84 01 84 00  |................|
000002f0  01 00 00 01 85 01 85 00  01 00 00 01 86 01 86 00  |................|
00000300  01 00 00 01 87 01 87 00  01 00 00 01 89 01 89 00  |................|
00000310  01 00 00 01 8a 01 8a 00  01 00 00 01 8b 01 8b 00  |................|
00000320  01 00 00 01 8c 01 8c 00  01 00 00 01 8d 01 8d 00  |................|
00000330  01 00 00 01 8e 01 8e 00  01 00 00 01 8f 01 8f 00  |................|
00000340  01 00 00 01 90 01 90 00  01 00 00 01 91 01 91 00  |................|
00000350  01 00 00 01 94 01 94 00  01 00 00 01 95 01 95 00  |................|
00000360  01 00 00 01 96 01 96 00  01 00 00 01 97 01 97 00  |................|
00000370  01 00 00 01 9d 01 9d 00  01 00 00 01 9e 01 9e 00  |................|
00000380  01 00 00 01 9f 01 9f 00  01 00 00 01 a0 01 a0 00  |................|
00000390  01 00 00 01 a1 01 a1 00  01 00 00 01 a2 01 a2 00  |................|
000003a0  01 00 00 01 a3 01 a3 00  01 00 00 01 a4 01 a4 00  |................|
000003b0  01 00 00 01 a5 01 a5 00  01 00 00 01 a6 01 a6 00  |................|
000003c0  01 00 00 01 a7 01 a7 00  01 00 00 01 a8 01 a8 00  |................|
000003d0  01 00 00 01 a9 01 a9 00  01 00 00 01 aa 01 aa 00  |................|
000003e0  01 00 00 01 ab 01 ab 00  01 00 00 01 ad 01 ad 00  |................|
000003f0  01 00 00 01 ae 01 ae 00  01 00 00 01 af 01 af 00  |................|
00000400  01 00 00 01 b0 01 b0 00  01 00 00 01 b1 01 b1 00  |................|
00000410  01 00 00 01 c1 01 c1 00  01 00 00 01 c2 01 c2 00  |................|
00000420  01 00 00 01 c6 01 c6 00  01 00 00 01 c7 01 c7 00  |................|
00000430  01 00 00 01 c8 01 c8 00  01 00 00 01 c9 01 c9 00  |................|
00000440  01 00 00 01 ca 01 ca 00  01 00 00 01 cb 01 cb 00  |................|
00000450  01 00 00 01 cc 01 cc 00  01 00 00 01 cd 01 cd 00  |................|
00000460  01 00 00 01 ce 01 ce 00  01 00 00 01 cf 01 cf 00  |................|
00000470  01 00 00 01 d2 01 d2 00  01 00 00 01 d3 01 d3 00  |................|
00000480  01 00 00 01 d4 01 d4 00  01 00 00 01 d5 01 d5 00  |................|
00000490  01 00 00 01 d6 01 d6 00  01 00 00 01 d7 01 d7 00  |................|
000004a0  01 00 00 01 d8 01 d8 00  01 00 00 01 d9 01 d9 00  |................|
000004b0  01 00 00 01 da 01 da 00  01 00 00 01 db 01 db 00  |................|
000004c0  01 00 00 01 dc 01 dc 00  01 00 00 01 dd 01 dd 00  |................|
000004d0  01 00 00 01 de 01 de 00  01 00 00 01 df 01 df 00  |................|
000004e0  01 00 00 01 e0 01 e0 00  01 00 00 01 e1 01 e1 00  |................|
000004f0  01 00 00 01 e2 01 e2 00  01 00 00 01 e3 01 e3 00  |................|
00000500  01 00 00 01 e4 01 e4 00  01 00 00 01 e5 01 e5 00  |................|
00000510  01 00 00 01 e6 01 e6 00  01 00 00 01 ea 01 ea 00  |................|
00000520  01 00 00 01 eb 01 eb 00  01 00 00 01 ec 01 ec 00  |................|
00000530  01 00 00 01 ed 01 ed 00  01 00 00 01 ee 01 ee 00  |................|
00000540  01 00 00 01 ef 01 ef 00  01 00 00 01 f0 01 f0 00  |................|
00000550  01 00 00 01 f2 01 f2 00  01 00 00 01 f3 01 f3 00  |................|
00000560  01 00 00 01 f4 01 f4 00  01 00 00 01 f5 01 f5 00  |................|
00000570  01 00 00 01 f6 01 f6 00  01 00 00 01 fd 01 fd 00  |................|
00000580  01 00 00 01 fe 01 fe 00  01 00 00 02 01 02 01 00  |................|
00000590  01 00 00 02 02 02 02 00  01 00 00 02 04 02 04 00  |................|
000005a0  01 00 00 02 05 02 05 00  01 00 00 02 06 02 06 00  |................|
000005b0  01 00 00 02 07 02 07 00  01 00 00 02 08 02 08 00  |................|
000005c0  01 00 00 02 09 02 09 00  01 00 00 02 0a 02 0a 00  |................|
000005d0  01 00 00 02 0b 02 0b 00  01 00 00 02 0c 02 0c 00  |................|
000005e0  01 00 00 02 0d 02 0d 00  01 00 00 02 0e 02 0e 00  |................|
000005f0  01 00 00 02 0f 02 0f 00  01 00 00 02 10 02 10 00  |................|
00000600  01 00 00 02 11 02 11 00  01 00 00 02 12 02 12 00  |................|
00000610  01 00 00 02 13 02 13 00  01 00 00 02 14 02 14 00  |................|
00000620  01 00 00 02 15 02 15 00  01 00 00 02 16 02 16 00  |................|
00000630  01 00 00 02 17 02 17 00  01 00 00 02 18 02 18 00  |................|
00000640  01 00 00 02 19 02 19 00  01 00 00 02 1a 02 1a 00  |................|
00000650  01 00 00 02 1b 02 1b 00  01 00 00 02 1c 02 1c 00  |................|
00000660  01 00 00 02 1d 02 1d 00  01 00 00 02 1e 02 1e 00  |................|
00000670  01 00 00 02 1f 02 1f 00  01 00 00 02 30 02 30 00  |............0.0.|
00000680  01 00 00 02 35 02 35 00  01 00 00 02 3c 02 3c 00  |....5.5.....<.<.|
00000690  01 00 00 02 3d 02 3d 00  01 00 00 02 3e 02 3e 00  |....=.=.....>.>.|
000006a0  01 00 00 02 3f 02 3f 00  01 00 00 02 40 02 40 00  |....?.?.....@.@.|
000006b0  01 00 00 02 42 02 42 00  01 00 00 02 33 02 33 00  |....B.B.....3.3.|
000006c0  01 00 00 02 34 02 34 00  01 00 00 02 43 02 43 00  |....4.4.....C.C.|
000006d0  01 00 00 02 44 02 44 00  01 00 00 02 45 02 45 00  |....D.D.....E.E.|
000006e0  01 00 00 02 46 02 46 00  01 00 00 02 47 02 47 00  |....F.F.....G.G.|
000006f0  01 00 00 02 48 02 48 00  01 00 00 02 49 02 49 00  |....H.H.....I.I.|
00000700  01 00 00 00 03 00 02 00  0a 00 00 00 04 00 02 00  |................|
00000710  0a 00 00 00 05 00 01 00  01 00 00 00 06 00 02 00  |................|
00000720  0a 00 00 00 07 00 02 00  0a 00 00 00 09 00 01 00  |................|
00000730  01 00 00 00 0d 00 00 00  0e 00 00 00 0f 00 17 00  |................|
00000740  01 00 00 00 10 00 00 00  11 00 00 00 12 00 00 00  |................|
00000750  13 00 00 00 14 00 00 00  15 00 00 00 16 00 00 00  |................|
00000760  27 00 78 00 01 00 00 00  3a 00 00 00 44 00 02 00  |'.x.....:...D...|
00000770  0a 00 00 00 45 00 00 00  46 00 00 00 4a 00 00 00  |....E...F...J...|
00000780  4c 00 00 00 5b 00 02 00  0a 00 00 00 5e 00 01 00  |L...[.......^...|
00000790  01 00 00 00 5f 00 17 00  01 00 00 00 60 00 60 00  |...._.......`.`.|
000007a0  01 00 00 00 61 00 60 00  01 00 00 00 64 00 64 00  |....a.`.....d.d.|
000007b0  01 00 00 00 65 00 65 00  01 00 00 00 66 00 66 00  |....e.e.....f.f.|
000007c0  01 00 00 00 68 00 0b 00  01 00 00 00 69 00 00 00  |....h.......i...|
000007d0  6a 00 6a 00 01 00 00 00  6c 00 6d 00 01 00 00 00  |j.j.....l.m.....|
000007e0  6d 00 6d 00 01 00 00 00  6e 00 6f 00 01 00 00 00  |m.m.....n.o.....|
000007f0  6f 00 6f 00 01 00 00 00  70 00 70 00 01 00 00 00  |o.o.....p.p.....|
00000800  71 00 71 00 01 00 00 00  72 00 72 00 01 00 00 00  |q.q.....r.r.....|
00000810  73 00 73 00 01 00 00 00  74 00 66 00 01 00 00 00  |s.s.....t.f.....|
00000820  76 00 00 00 77 00 77 00  00 00 00 00 79 00 00 00  |v...w.w.....y...|
00000830  7a 00 00 00 7b 00 00 00  88 00 00 00 92 00 92 00  |z...{...........|
00000840  01 00 00 00 93 00 00 00  98 00 02 00 0a 00 00 00  |................|
00000850  99 00 02 00 0a 00 00 00  9a 00 02 00 0a 00 00 00  |................|
00000860  9b 00 01 00 01 00 00 00  9c 00 0c 00 0a 00 00 00  |................|
00000870  ac 00 02 00 0a 00 00 00  b2 00 b2 00 01 00 00 00  |................|
00000880  b3 00 b3 00 01 00 00 00  b4 00 b4 00 01 00 00 00  |................|
00000890  b5 00 b5 00 01 00 00 00  b6 00 b6 00 01 00 00 00  |................|
000008a0  b7 00 b7 00 01 00 00 00  b8 00 0c 00 0a 00 00 00  |................|
000008b0  b9 00 b9 00 01 00 00 00  ba 00 ba 00 01 00 00 00  |................|
000008c0  bb 00 bb 00 01 00 00 00  bc 00 bc 00 01 00 00 00  |................|
000008d0  bd 00 bd 00 01 00 00 00  be 00 be 00 01 00 00 00  |................|
000008e0  bf 00 00 00 c0 00 00 00  c3 00 70 00 01 00 00 00  |..........p.....|
000008f0  c4 00 71 00 01 00 00 00  c5 00 72 00 01 00 00 00  |..q.......r.....|
00000900  d0 00 d0 00 01 00 00 00  d1 00 00 00 e7 00 e7 00  |................|
00000910  01 00 00 00 e8 00 e7 00  01 00 00 00 e9 00 e9 00  |................|
00000920  01 00 00 00 fc 00 fc 00  01 00 00 00 f1 00 6d 00  |..............m.|
00000930  01 00 00 02 03 00 00 02  4e 02 4e 00 01 00 00 02  |........N.N.....|
00000940  4f 02 4f 00 01 00 00 02  50 02 50 00 01 00 00 02  |O.O.....P.P.....|
00000950  65 02 65 00 01 00 00 02  66 02 66 00 01 00 00 02  |e.e.....f.f.....|
00000960  67 02 67 00 01 00 00 02  68 02 68 00 01 00 00 02  |g.g.....h.h.....|
00000970  63 02 63 00 01 00 00 02  64 02 64 00 01 00 00 02  |c.c.....d.d.....|
00000980  51 02 51 00 01 00 00 02  52 02 52 00 01 00 00 02  |Q.Q.....R.R.....|
00000990  53 02 53 00 01 00 00 02  54 02 54 00 01 00 00 02  |S.S.....T.T.....|
000009a0  55 02 55 00 01 00 00 02  56 02 56 00 01 00 00 02  |U.U.....V.V.....|
000009b0  57 02 57 00 01 00 00 02  58 02 58 00 01 00 00 02  |W.W.....X.X.....|
000009c0  59 02 59 00 01 00 00 02  5a 02 5a 00 01 00 00 02  |Y.Y.....Z.Z.....|
000009d0  5b 02 5b 00 01 00 00 02  5c 02 5c 00 01 00 00 02  |[.[.....\.\.....|
000009e0  5d 02 5d 00 01 00 00 02  6e 02 6e 00 01 00 00 02  |].].....n.n.....|
000009f0  6f 02 6f 00 01 00 00 02  70 02 70 00 01 00 00 02  |o.o.....p.p.....|
00000a00  71 02 71 00 01 00 00 02  72 02 72 00 01 00 00 02  |q.q.....r.r.....|
00000a10  73 02 73 00 01 00 00 02  74 02 74 00 01 00 00 02  |s.s.....t.t.....|
00000a20  75 02 75 00 01 00 00 02  76 02 76 00 01 00 00 02  |u.u.....v.v.....|
00000a30  77 02 77 00 01 00 00 02  78 02 78 00 01 00 00 02  |w.w.....x.x.....|
00000a40  7d 02 7d 00 01 00 00 02  7e 02 7e 00 01 00 00 02  |}.}.....~.~.....|
00000a50  7c 02 7c 00 01 00 00 02  7f 02 7f 00 01 00 00 02  ||.|.............|
00000a60  80 02 80 00 01 00 00 00  00                       |.........|
2024-03-17T13:46:35.7704: 
Read packet:
00000000  00 00 0a a8 06 20 00 00  00 00 02 80 00 00 00 3c  |..... .........<|
00000010  3c 3c 80 00 00 00 00 00  00 2b 00 01 00 01 00 01  |<<.......+......|
00000020  00 00 00 02 00 02 00 0a  00 00 00 08 00 08 00 01  |................|
00000030  00 00 00 0c 00 0c 00 0a  00 00 00 17 00 17 00 01  |................|
00000040  00 00 00 18 00 18 00 01  00 00 00 19 00 19 00 01  |................|
00000050  00 00 00 1a 00 1a 00 01  00 00 00 1b 00 1b 00 01  |................|
00000060  00 00 00 1c 00 1c 00 01  00 00 00 1d 00 1d 00 01  |................|
00000070  00 00 00 1e 00 1e 00 01  00 00 00 1f 00 1f 00 01  |................|
00000080  00 00 00 20 00 20 00 01  00 00 00 21 00 21 00 01  |... . .....!.!..|
00000090  00 00 00 0a 00 0a 00 01  00 00 00 0b 00 0b 00 01  |................|
000000a0  00 00 00 28 00 28 00 01  00 00 00 29 00 29 00 01  |...(.(.....).)..|
000000b0  00 00 00 75 00 75 00 01  00 00 00 78 00 78 00 01  |...u.u.....x.x..|
000000c0  00 00 01 22 01 22 00 01  00 00 01 23 01 23 00 01  |...".".....#.#..|
000000d0  00 00 01 24 01 24 00 01  00 00 01 25 01 25 00 01  |...$.$.....%.%..|
000000e0  00 00 01 26 01 26 00 01  00 00 01 2a 01 2a 00 01  |...&.&.....*.*..|
000000f0  00 00 01 2b 01 2b 00 01  00 00 01 2c 01 2c 00 01  |...+.+.....,.,..|
00000100  00 00 01 2d 01 2d 00 01  00 00 01 2e 01 2e 00 01  |...-.-..........|
00000110  00 00 01 2f 01 2f 00 01  00 00 01 30 01 30 00 01  |..././.....0.0..|
00000120  00 00 01 31 01 31 00 01  00 00 01 32 01 32 00 01  |...1.1.....2.2..|
00000130  00 00 01 33 01 33 00 01  00 00 01 34 01 34 00 01  |...3.3.....4.4..|
00000140  00 00 01 35 01 35 00 01  00 00 01 36 01 36 00 01  |...5.5.....6.6..|
00000150  00 00 01 37 01 37 00 01  00 00 01 38 01 38 00 01  |...7.7.....8.8..|
00000160  00 00 01 39 01 39 00 01  00 00 01 3b 01 3b 00 01  |...9.9.....;.;..|
00000170  00 00 01 3c 01 3c 00 01  00 00 01 3d 01 3d 00 01  |...<.<.....=.=..|
00000180  00 00 01 3e 01 3e 00 01  00 00 01 3f 01 3f 00 01  |...>.>.....?.?..|
00000190  00 00 01 40 01 40 00 01  00 00 01 41 01 41 00 01  |...@.@.....A.A..|
000001a0  00 00 01 42 01 42 00 01  00 00 01 43 01 43 00 01  |...B.B.....C.C..|
000001b0  00 00 01 47 01 47 00 01  00 00 01 48 01 48 00 01  |...G.G.....H.H..|
000001c0  00 00 01 49 01 49 00 01  00 00 01 4b 01 4b 00 01  |...I.I.....K.K..|
000001d0  00 00 01 4d 01 4d 00 01  00 00 01 4e 01 4e 00 01  |...M.M.....N.N..|
000001e0  00 00 01 4f 01 4f 00 01  00 00 01 50 01 50 00 01  |...O.O.....P.P..|
000001f0  00 00 01 51 01 51 00 01  00 00 01 52 01 52 00 01  |...Q.Q.....R.R..|
00000200  00 00 01 53 01 53 00 01  00 00 01 54 01 54 00 01  |...S.S.....T.T..|
00000210  00 00 01 55 01 55 00 01  00 00 01 56 01 56 00 01  |...U.U.....V.V..|
00000220  00 00 01 57 01 57 00 01  00 00 01 58 01 58 00 01  |...W.W.....X.X..|
00000230  00 00 01 59 01 59 00 01  00 00 01 5a 01 5a 00 01  |...Y.Y.....Z.Z..|
00000240  00 00 01 5c 01 5c 00 01  00 00 01 5d 01 5d 00 01  |...\.\.....].]..|
00000250  00 00 01 62 01 62 00 01  00 00 01 63 01 63 00 01  |...b.b.....c.c..|
00000260  00 00 01 67 01 67 00 01  00 00 01 6b 01 6b 00 01  |...g.g.....k.k..|
00000270  00 00 01 7c 01 7c 00 01  00 00 01 7d 01 7d 00 01  |...|.|.....}.}..|
00000280  00 00 01 7e 01 7e 00 01  00 00 01 7f 01 7f 00 01  |...~.~..........|
00000290  00 00 01 80 01 80 00 01  00 00 01 81 01 81 00 01  |................|
000002a0  00 00 01 82 01 82 00 01  00 00 01 83 01 83 00 01  |................|
000002b0  00 00 01 84 01 84 00 01  00 00 01 85 01 85 00 01  |................|
000002c0  00 00 01 86 01 86 00 01  00 00 01 87 01 87 00 01  |................|
000002d0  00 00 01 89 01 89 00 01  00 00 01 8a 01 8a 00 01  |................|
000002e0  00 00 01 8b 01 8b 00 01  00 00 01 8c 01 8c 00 01  |................|
000002f0  00 00 01 8d 01 8d 00 01  00 00 01 8e 01 8e 00 01  |................|
00000300  00 00 01 8f 01 8f 00 01  00 00 01 90 01 90 00 01  |................|
00000310  00 00 01 91 01 91 00 01  00 00 01 94 01 94 00 01  |................|
00000320  00 00 01 95 01 95 00 01  00 00 01 96 01 96 00 01  |................|
00000330  00 00 01 97 01 97 00 01  00 00 01 9d 01 9d 00 01  |................|
00000340  00 00 01 9e 01 9e 00 01  00 00 01 9f 01 9f 00 01  |................|
00000350  00 00 01 a0 01 a0 00 01  00 00 01 a1 01 a1 00 01  |................|
00000360  00 00 01 a2 01 a2 00 01  00 00 01 a3 01 a3 00 01  |................|
00000370  00 00 01 a4 01 a4 00 01  00 00 01 a5 01 a5 00 01  |................|
00000380  00 00 01 a6 01 a6 00 01  00 00 01 a7 01 a7 00 01  |................|
00000390  00 00 01 a8 01 a8 00 01  00 00 01 a9 01 a9 00 01  |................|
000003a0  00 00 01 aa 01 aa 00 01  00 00 01 ab 01 ab 00 01  |................|
000003b0  00 00 01 ad 01 ad 00 01  00 00 01 ae 01 ae 00 01  |................|
000003c0  00 00 01 af 01 af 00 01  00 00 01 b0 01 b0 00 01  |................|
000003d0  00 00 01 b1 01 b1 00 01  00 00 01 c1 01 c1 00 01  |................|
000003e0  00 00 01 c2 01 c2 00 01  00 00 01 c6 01 c6 00 01  |................|
000003f0  00 00 01 c7 01 c7 00 01  00 00 01 c8 01 c8 00 01  |................|
00000400  00 00 01 c9 01 c9 00 01  00 00 01 ca 01 ca 00 01  |................|
00000410  00 00 01 cb 01 cb 00 01  00 00 01 cc 01 cc 00 01  |................|
00000420  00 00 01 cd 01 cd 00 01  00 00 01 ce 01 ce 00 01  |................|
00000430  00 00 01 cf 01 cf 00 01  00 00 01 d2 01 d2 00 01  |................|
00000440  00 00 01 d3 01 d3 00 01  00 00 01 d4 01 d4 00 01  |................|
00000450  00 00 01 d5 01 d5 00 01  00 00 01 d6 01 d6 00 01  |................|
00000460  00 00 01 d7 01 d7 00 01  00 00 01 d8 01 d8 00 01  |................|
00000470  00 00 01 d9 01 d9 00 01  00 00 01 da 01 da 00 01  |................|
00000480  00 00 01 db 01 db 00 01  00 00 01 dc 01 dc 00 01  |................|
00000490  00 00 01 dd 01 dd 00 01  00 00 01 de 01 de 00 01  |................|
000004a0  00 00 01 df 01 df 00 01  00 00 01 e0 01 e0 00 01  |................|
000004b0  00 00 01 e1 01 e1 00 01  00 00 01 e2 01 e2 00 01  |................|
000004c0  00 00 01 e3 01 e3 00 01  00 00 01 e4 01 e4 00 01  |................|
000004d0  00 00 01 e5 01 e5 00 01  00 00 01 e6 01 e6 00 01  |................|
000004e0  00 00 01 ea 01 ea 00 01  00 00 01 eb 01 eb 00 01  |................|
000004f0  00 00 01 ec 01 ec 00 01  00 00 01 ed 01 ed 00 01  |................|
00000500  00 00 01 ee 01 ee 00 01  00 00 01 ef 01 ef 00 01  |................|
00000510  00 00 01 f0 01 f0 00 01  00 00 01 f2 01 f2 00 01  |................|
00000520  00 00 01 f3 01 f3 00 01  00 00 01 f4 01 f4 00 01  |................|
00000530  00 00 01 f5 01 f5 00 01  00 00 01 f6 01 f6 00 01  |................|
00000540  00 00 01 fd 01 fd 00 01  00 00 01 fe 01 fe 00 01  |................|
00000550  00 00 02 01 02 01 00 01  00 00 02 02 02 02 00 01  |................|
00000560  00 00 02 04 02 04 00 01  00 00 02 05 02 05 00 01  |................|
00000570  00 00 02 06 02 06 00 01  00 00 02 07 02 07 00 01  |................|
00000580  00 00 02 08 02 08 00 01  00 00 02 09 02 09 00 01  |................|
00000590  00 00 02 0a 02 0a 00 01  00 00 02 0b 02 0b 00 01  |................|
000005a0  00 00 02 0c 02 0c 00 01  00 00 02 0d 02 0d 00 01  |................|
000005b0  00 00 02 0e 02 0e 00 01  00 00 02 0f 02 0f 00 01  |................|
000005c0  00 00 02 10 02 10 00 01  00 00 02 11 02 11 00 01  |................|
000005d0  00 00 02 12 02 12 00 01  00 00 02 13 02 13 00 01  |................|
000005e0  00 00 02 14 02 14 00 01  00 00 02 15 02 15 00 01  |................|
000005f0  00 00 02 16 02 16 00 01  00 00 02 17 02 17 00 01  |................|
00000600  00 00 02 18 02 18 00 01  00 00 02 19 02 19 00 01  |................|
00000610  00 00 02 1a 02 1a 00 01  00 00 02 1b 02 1b 00 01  |................|
00000620  00 00 02 1f 02 1f 00 01  00 00 02 20 00 00 02 21  |........... ...!|
00000630  00 00 02 22 00 00 02 23  00 00 02 24 00 00 02 25  |..."...#...$...%|
00000640  00 00 02 26 00 00 02 27  00 00 02 28 00 00 02 29  |...&...'...(...)|
00000650  00 00 02 2a 00 00 02 2b  00 00 02 2c 00 00 02 2d  |...*...+...,...-|
00000660  00 00 02 2e 00 00 02 2f  00 00 02 30 02 30 00 01  |......./...0.0..|
00000670  00 00 02 31 00 00 02 32  00 00 02 33 02 33 00 01  |...1...2...3.3..|
00000680  00 00 02 34 02 34 00 01  00 00 02 36 00 00 02 37  |...4.4.....6...7|
00000690  00 00 02 38 00 00 02 39  00 00 02 3a 00 00 02 3b  |...8...9...:...;|
000006a0  00 00 02 3c 02 3c 00 01  00 00 02 3d 02 3d 00 01  |...<.<.....=.=..|
000006b0  00 00 02 3e 02 3e 00 01  00 00 02 3f 02 3f 00 01  |...>.>.....?.?..|
000006c0  00 00 02 40 02 40 00 01  00 00 02 41 00 00 02 42  |...@.@.....A...B|
000006d0  02 42 00 01 00 00 02 43  02 43 00 01 00 00 02 44  |.B.....C.C.....D|
000006e0  02 44 00 01 00 00 02 45  02 45 00 01 00 00 02 46  |.D.....E.E.....F|
000006f0  02 46 00 01 00 00 02 47  02 47 00 01 00 00 02 48  |.F.....G.G.....H|
00000700  02 48 00 01 00 00 02 49  02 49 00 01 00 00 02 4a  |.H.....I.I.....J|
00000710  00 00 02 4b 00 00 02 4c  00 00 02 4d 00 00 02 4e  |...K...L...M...N|
00000720  02 4e 00 01 00 00 02 4f  02 4f 00 01 00 00 02 50  |.N.....O.O.....P|
00000730  02 50 00 01 00 00 02 51  02 51 00 01 00 00 02 52  |.P.....Q.Q.....R|
00000740  02 52 00 01 00 00 02 53  02 53 00 01 00 00 02 54  |.R.....S.S.....T|
00000750  02 54 00 01 00 00 02 55  02 55 00 01 00 00 02 56  |.T.....U.U.....V|
00000760  02 56 00 01 00 00 02 57  02 57 00 01 00 00 02 58  |.V.....W.W.....X|
00000770  02 58 00 01 00 00 02 59  02 59 00 01 00 00 02 5a  |.X.....Y.Y.....Z|
00000780  02 5a 00 01 00 00 02 5b  02 5b 00 01 00 00 02 5c  |.Z.....[.[.....\|
00000790  02 5c 00 01 00 00 02 5d  02 5d 00 01 00 00 02 63  |.\.....].].....c|
000007a0  02 63 00 01 00 00 02 64  02 64 00 01 00 00 02 65  |.c.....d.d.....e|
000007b0  02 65 00 01 00 00 02 66  02 66 00 01 00 00 02 67  |.e.....f.f.....g|
000007c0  02 67 00 01 00 00 02 68  02 68 00 01 00 00 02 69  |.g.....h.h.....i|
000007d0  00 00 02 6e 02 6e 00 01  00 00 02 6f 02 6f 00 01  |...n.n.....o.o..|
000007e0  00 00 02 70 02 70 00 01  00 00 02 71 02 71 00 01  |...p.p.....q.q..|
000007f0  00 00 02 72 02 72 00 01  00 00 02 73 02 73 00 01  |...r.r.....s.s..|
00000800  00 00 02 74 02 74 00 01  00 00 02 75 02 75 00 01  |...t.t.....u.u..|
00000810  00 00 02 76 02 76 00 01  00 00 02 77 02 77 00 01  |...v.v.....w.w..|
00000820  00 00 02 78 02 78 00 01  00 00 02 79 00 00 02 7a  |...x.x.....y...z|
00000830  00 00 02 7b 00 00 02 7c  02 7c 00 01 00 00 02 7d  |...{...|.|.....}|
00000840  02 7d 00 01 00 00 02 7e  02 7e 00 01 00 00 02 7f  |.}.....~.~......|
00000850  02 7f 00 01 00 00 02 80  02 80 00 01 00 00 02 81  |................|
00000860  00 00 02 82 00 00 02 83  00 00 02 84 00 00 02 85  |................|
00000870  00 00 02 86 00 00 02 87  00 00 02 88 00 00 02 89  |................|
00000880  00 00 02 8a 00 00 02 8b  00 00 00 03 00 02 00 0a  |................|
00000890  00 00 00 04 00 02 00 0a  00 00 00 05 00 01 00 01  |................|
000008a0  00 00 00 06 00 02 00 0a  00 00 00 07 00 02 00 0a  |................|
000008b0  00 00 00 09 00 01 00 01  00 00 00 0d 00 00 00 0e  |................|
000008c0  00 00 00 0f 00 17 00 01  00 00 00 10 00 00 00 11  |................|
000008d0  00 00 00 12 00 00 00 13  00 00 00 14 00 00 00 15  |................|
000008e0  00 00 00 16 00 00 00 27  00 00 00 3a 00 00 00 44  |.......'...:...D|
000008f0  00 02 00 0a 00 00 00 45  00 00 00 46 00 00 00 4a  |.......E...F...J|
00000900  00 00 00 4c 00 00 00 5b  00 02 00 0a 00 00 00 5e  |...L...[.......^|
00000910  00 01 00 01 00 00 00 5f  00 17 00 01 00 00 00 60  |......._.......`|
00000920  00 60 00 01 00 00 00 61  00 60 00 01 00 00 00 64  |.`.....a.`.....d|
00000930  00 64 00 01 00 00 00 65  00 65 00 01 00 00 00 66  |.d.....e.e.....f|
00000940  00 66 00 01 00 00 00 68  00 00 00 69 00 00 00 6a  |.f.....h...i...j|
00000950  00 6a 00 01 00 00 00 6c  00 6d 00 01 00 00 00 6d  |.j.....l.m.....m|
00000960  00 6d 00 01 00 00 00 6e  00 6f 00 01 00 00 00 6f  |.m.....n.o.....o|
00000970  00 6f 00 01 00 00 00 70  00 70 00 01 00 00 00 71  |.o.....p.p.....q|
00000980  00 71 00 01 00 00 00 72  00 72 00 01 00 00 00 73  |.q.....r.r.....s|
00000990  00 73 00 01 00 00 00 74  00 66 00 01 00 00 00 76  |.s.....t.f.....v|
000009a0  00 00 00 79 00 00 00 7a  00 00 00 7b 00 00 00 88  |...y...z...{....|
000009b0  00 00 00 92 00 92 00 01  00 00 00 93 00 00 00 98  |................|
000009c0  00 02 00 0a 00 00 00 99  00 02 00 0a 00 00 00 9a  |................|
000009d0  00 02 00 0a 00 00 00 9b  00 01 00 01 00 00 00 9c  |................|
000009e0  00 0c 00 0a 00 00 00 ac  00 02 00 0a 00 00 00 b2  |................|
000009f0  00 b2 00 01 00 00 00 b3  00 b3 00 01 00 00 00 b4  |................|
00000a00  00 b4 00 01 00 00 00 b5  00 b5 00 01 00 00 00 b6  |................|
00000a10  00 b6 00 01 00 00 00 b7  00 b7 00 01 00 00 00 b8  |................|
00000a20  00 0c 00 0a 00 00 00 b9  00 00 00 ba 00 00 00 bb  |................|
00000a30  00 00 00 bc 00 00 00 bd  00 00 00 be 00 00 00 bf  |................|
00000a40  00 00 00 c0 00 00 00 c3  00 70 00 01 00 00 00 c4  |.........p......|
00000a50  00 71 00 01 00 00 00 c5  00 72 00 01 00 00 00 d0  |.q.......r......|
00000a60  00 d0 00 01 00 00 00 d1  00 00 00 e7 00 e7 00 01  |................|
00000a70  00 00 00 e8 00 e7 00 01  00 00 00 e9 00 e9 00 01  |................|
00000a80  00 00 00 f1 00 6d 00 01  00 00 00 f5 00 00 00 f6  |.....m..........|
00000a90  00 00 00 fa 00 00 00 fb  00 00 00 fc 00 fc 00 01  |................|
00000aa0  00 00 02 03 00 00 00 00                           |........|
2024-03-17T13:46:35.7705: TTC Version: 11
2024-03-17T13:46:35.7705: doAuth
2024-03-17T13:46:35.7705: 
Write packet:
00000000  00 00 00 8d 06 00 00 00  00 00 03 76 00 01 01 05  |...........v....|
00000010  01 01 01 01 05 01 01 05  41 44 4d 49 4e 01 0d 0d  |........ADMIN...|
00000020  41 55 54 48 5f 54 45 52  4d 49 4e 41 4c 01 04 04  |AUTH_TERMINAL...|
00000030  63 61 63 61 00 01 0f 0f  41 55 54 48 5f 50 52 4f  |caca....AUTH_PRO|
00000040  47 52 41 4d 5f 4e 4d 01  03 03 61 70 69 00 01 0c  |GRAM_NM...api...|
00000050  0c 41 55 54 48 5f 4d 41  43 48 49 4e 45 01 04 04  |.AUTH_MACHINE...|
00000060  63 61 63 61 00 01 08 08  41 55 54 48 5f 50 49 44  |caca....AUTH_PID|
00000070  01 06 06 36 33 39 36 36  32 00 01 08 08 41 55 54  |...639662....AUT|
00000080  48 5f 53 49 44 01 04 04  7a 65 75 73 00           |H_SID...zeus.|
2024-03-17T13:46:35.9752: 
Read packet:
00000000  00 00 01 72 06 20 00 00  00 00 08 01 06 01 0c 0c  |...r. ..........|
00000010  41 55 54 48 5f 53 45 53  53 4b 45 59 01 40 40 39  |AUTH_SESSKEY.@@9|
00000020  46 34 31 34 32 30 39 45  31 31 45 46 30 38 38 36  |F414209E11EF0886|
00000030  33 34 32 32 39 42 37 41  31 42 31 38 38 45 37 30  |34229B7A1B188E70|
00000040  45 42 45 35 34 38 36 39  33 35 32 38 30 34 35 33  |EBE5486935280453|
00000050  30 45 31 36 46 35 42 43  38 35 35 37 41 34 36 00  |0E16F5BC8557A46.|
00000060  01 0d 0d 41 55 54 48 5f  56 46 52 5f 44 41 54 41  |...AUTH_VFR_DATA|
00000070  01 20 20 43 35 45 45 39  45 37 31 33 42 44 39 44  |.  C5EE9E713BD9D|
00000080  30 31 32 38 39 30 46 42  42 35 33 37 45 42 38 44  |012890FBB537EB8D|
00000090  31 43 37 02 48 15 01 14  14 41 55 54 48 5f 50 42  |1C7.H....AUTH_PB|
000000a0  4b 44 46 32 5f 43 53 4b  5f 53 41 4c 54 01 20 20  |KDF2_CSK_SALT.  |
000000b0  36 32 36 46 37 30 39 31  35 36 33 45 38 34 35 41  |626F7091563E845A|
000000c0  35 30 44 31 46 35 44 31  30 45 41 39 31 32 35 44  |50D1F5D10EA9125D|
000000d0  00 01 16 16 41 55 54 48  5f 50 42 4b 44 46 32 5f  |....AUTH_PBKDF2_|
000000e0  56 47 45 4e 5f 43 4f 55  4e 54 01 04 04 34 30 39  |VGEN_COUNT...409|
000000f0  36 00 01 16 16 41 55 54  48 5f 50 42 4b 44 46 32  |6....AUTH_PBKDF2|
00000100  5f 53 44 45 52 5f 43 4f  55 4e 54 01 01 01 33 00  |_SDER_COUNT...3.|
00000110  01 1a 1a 41 55 54 48 5f  47 4c 4f 42 41 4c 4c 59  |...AUTH_GLOBALLY|
00000120  5f 55 4e 49 51 55 45 5f  44 42 49 44 00 01 20 20  |_UNIQUE_DBID..  |
00000130  45 32 39 43 38 37 41 34  39 43 42 36 36 43 42 43  |E29C87A49CB66CBC|
00000140  45 32 32 43 44 36 31 41  34 41 30 36 30 33 30 45  |E22CD61A4A06030E|
00000150  00 04 01 01 01 02 00 00  00 00 00 00 00 00 00 00  |................|
00000160  00 00 00 00 00 00 00 00  00 00 00 00 00 00 00 00  |................|
00000170  00 00                                             |..|
2024-03-17T13:46:35.9753: Summary: RetCode:0, Error Message:""
2024-03-17T13:46:35.9782: 
Write packet:
00000000  00 00 04 23 06 00 00 00  00 00 03 73 00 01 01 05  |...#.......s....|
00000010  02 01 01 01 01 0f 01 01  05 41 44 4d 49 4e 01 0c  |.........ADMIN..|
00000020  0c 41 55 54 48 5f 53 45  53 53 4b 45 59 01 40 40  |.AUTH_SESSKEY.@@|
00000030  44 44 33 39 44 35 32 30  35 41 37 31 34 45 44 30  |DD39D5205A714ED0|
00000040  37 41 45 35 44 36 34 42  46 39 45 42 36 30 42 35  |7AE5D64BF9EB60B5|
00000050  39 44 37 38 30 46 31 43  35 43 33 32 42 44 39 43  |9D780F1C5C32BD9C|
00000060  30 35 42 32 30 43 41 41  34 37 45 35 43 37 45 45  |05B20CAA47E5C7EE|
00000070  01 01 01 0d 0d 41 55 54  48 5f 50 41 53 53 57 4f  |.....AUTH_PASSWO|
00000080  52 44 01 40 40 43 32 35  46 34 39 38 46 38 39 38  |RD.@@C25F498F898|
00000090  37 39 33 32 46 44 41 30  42 36 30 30 39 46 32 37  |7932FDA0B6009F27|
000000a0  33 31 41 42 42 30 42 30  44 37 30 41 37 45 37 33  |31ABB0B0D70A7E73|
000000b0  45 44 46 31 34 30 37 42  31 33 36 43 33 33 42 41  |EDF1407B136C33BA|
000000c0  33 35 46 30 43 00 01 16  16 41 55 54 48 5f 50 42  |35F0C....AUTH_PB|
000000d0  4b 44 46 32 5f 53 50 45  45 44 59 5f 4b 45 59 01  |KDF2_SPEEDY_KEY.|
000000e0  a0 a0 43 32 33 30 41 37  46 41 39 32 45 44 32 46  |..C230A7FA92ED2F|
000000f0  43 44 44 35 37 31 31 42  42 39 30 30 43 46 38 38  |CDD5711BB900CF88|
00000100  35 36 33 31 44 46 34 38  42 34 43 34 34 41 44 33  |5631DF48B4C44AD3|
00000110  32 43 30 39 39 42 32 43  36 44 34 37 38 46 38 38  |2C099B2C6D478F88|
00000120  39 38 41 34 36 38 33 31  33 38 33 37 46 32 30 39  |98A468313837F209|
00000130  41 39 46 38 36 36 45 35  30 36 37 35 34 30 31 37  |A9F866E506754017|
00000140  32 31 38 38 31 35 45 41  44 44 31 44 39 33 34 41  |218815EADD1D934A|
00000150  43 38 33 36 42 42 42 32  43 44 30 35 45 43 38 34  |C836BBB2CD05EC84|
00000160  30 38 41 44 44 32 41 41  34 45 36 35 45 35 45 33  |08ADD2AA4E65E5E3|
00000170  38 43 39 36 39 46 46 31  32 30 44 36 42 30 41 31  |8C969FF120D6B0A1|
00000180  45 45 00 01 0d 0d 41 55  54 48 5f 54 45 52 4d 49  |EE....AUTH_TERMI|
00000190  4e 41 4c 01 04 04 63 61  63 61 00 01 0f 0f 41 55  |NAL...caca....AU|
000001a0  54 48 5f 50 52 4f 47 52  41 4d 5f 4e 4d 01 03 03  |TH_PROGRAM_NM...|
000001b0  61 70 69 00 01 0c 0c 41  55 54 48 5f 4d 41 43 48  |api....AUTH_MACH|
000001c0  49 4e 45 01 04 04 63 61  63 61 00 01 08 08 41 55  |INE...caca....AU|
000001d0  54 48 5f 50 49 44 01 06  06 36 33 39 36 36 32 00  |TH_PID...639662.|
000001e0  01 08 08 41 55 54 48 5f  53 49 44 01 04 04 7a 65  |...AUTH_SID...ze|
000001f0  75 73 00 01 13 13 41 55  54 48 5f 43 4f 4e 4e 45  |us....AUTH_CONNE|
00000200  43 54 5f 53 54 52 49 4e  47 01 f6 f6 28 64 65 73  |CT_STRING...(des|
00000210  63 72 69 70 74 69 6f 6e  3d 20 28 72 65 74 72 79  |cription= (retry|
00000220  5f 63 6f 75 6e 74 3d 32  30 29 28 72 65 74 72 79  |_count=20)(retry|
00000230  5f 64 65 6c 61 79 3d 33  29 28 61 64 64 72 65 73  |_delay=3)(addres|
00000240  73 3d 28 70 72 6f 74 6f  63 6f 6c 3d 74 63 70 73  |s=(protocol=tcps|
00000250  29 28 70 6f 72 74 3d 31  35 32 32 29 28 68 6f 73  |)(port=1522)(hos|
00000260  74 3d 61 64 62 2e 75 73  2d 61 73 68 62 75 72 6e  |t=adb.us-ashburn|
00000270  2d 31 2e 6f 72 61 63 6c  65 63 6c 6f 75 64 2e 63  |-1.oraclecloud.c|
00000280  6f 6d 29 29 28 63 6f 6e  6e 65 63 74 5f 64 61 74  |om))(connect_dat|
00000290  61 3d 28 73 65 72 76 69  63 65 5f 6e 61 6d 65 3d  |a=(service_name=|
000002a0  67 30 33 36 30 35 39 38  39 66 32 65 63 35 63 5f  |g03605989f2ec5c_|
000002b0  79 31 32 70 62 35 66 66  65 65 35 6a 70 37 79 35  |y12pb5ffee5jp7y5|
000002c0  5f 6d 65 64 69 75 6d 2e  61 64 62 2e 6f 72 61 63  |_medium.adb.orac|
000002d0  6c 65 63 6c 6f 75 64 2e  63 6f 6d 29 29 28 73 65  |lecloud.com))(se|
000002e0  63 75 72 69 74 79 3d 28  73 73 6c 5f 73 65 72 76  |curity=(ssl_serv|
000002f0  65 72 5f 64 6e 5f 6d 61  74 63 68 3d 79 65 73 29  |er_dn_match=yes)|
00000300  29 29 00 01 16 16 53 45  53 53 49 4f 4e 5f 43 4c  |))....SESSION_CL|
00000310  49 45 4e 54 5f 43 48 41  52 53 45 54 01 03 03 38  |IENT_CHARSET...8|
00000320  37 33 00 01 17 17 53 45  53 53 49 4f 4e 5f 43 4c  |73....SESSION_CL|
00000330  49 45 4e 54 5f 4c 49 42  5f 54 59 50 45 01 01 01  |IENT_LIB_TYPE...|
00000340  30 00 01 1a 1a 53 45 53  53 49 4f 4e 5f 43 4c 49  |0....SESSION_CLI|
00000350  45 4e 54 5f 44 52 49 56  45 52 5f 4e 41 4d 45 01  |ENT_DRIVER_NAME.|
00000360  0e 0e 4f 72 61 63 6c 65  43 6c 69 65 6e 74 47 6f  |..OracleClientGo|
00000370  00 01 16 16 53 45 53 53  49 4f 4e 5f 43 4c 49 45  |....SESSION_CLIE|
00000380  4e 54 5f 56 45 52 53 49  4f 4e 01 07 07 32 2e 30  |NT_VERSION...2.0|
00000390  2e 30 2e 30 00 01 16 16  53 45 53 53 49 4f 4e 5f  |.0.0....SESSION_|
000003a0  43 4c 49 45 4e 54 5f 4c  4f 42 41 54 54 52 01 01  |CLIENT_LOBATTR..|
000003b0  01 31 00 01 12 12 41 55  54 48 5f 41 4c 54 45 52  |.1....AUTH_ALTER|
000003c0  5f 53 45 53 53 49 4f 4e  01 56 56 41 4c 54 45 52  |_SESSION.VVALTER|
000003d0  20 53 45 53 53 49 4f 4e  20 53 45 54 20 4e 4c 53  | SESSION SET NLS|
000003e0  5f 4c 41 4e 47 55 41 47  45 3d 27 41 4d 45 52 49  |_LANGUAGE='AMERI|
000003f0  43 41 4e 27 20 4e 4c 53  5f 54 45 52 52 49 54 4f  |CAN' NLS_TERRITO|
00000400  52 59 3d 27 41 4d 45 52  49 43 41 27 20 20 54 49  |RY='AMERICA'  TI|
00000410  4d 45 5f 5a 4f 4e 45 3d  27 2d 30 33 3a 30 30 27  |ME_ZONE='-03:00'|
00000420  00 01 01                                          |...|
2024-03-17T13:46:36.1856: 
Read packet:
00000000  00 00 09 b1 06 20 00 00  00 00 08 01 35 01 13 13  |..... ......5...|
00000010  41 55 54 48 5f 56 45 52  53 49 4f 4e 5f 53 54 52  |AUTH_VERSION_STR|
00000020  49 4e 47 01 0c 0c 2d 20  50 72 6f 64 75 63 74 69  |ING...- Producti|
00000030  6f 6e 00 01 10 10 41 55  54 48 5f 56 45 52 53 49  |on....AUTH_VERSI|
00000040  4f 4e 5f 53 51 4c 01 02  02 32 34 00 01 13 13 41  |ON_SQL...24....A|
00000050  55 54 48 5f 58 41 43 54  49 4f 4e 5f 54 52 41 49  |UTH_XACTION_TRAI|
00000060  54 53 01 01 01 33 00 01  0f 0f 41 55 54 48 5f 56  |TS...3....AUTH_V|
00000070  45 52 53 49 4f 4e 5f 4e  4f 01 09 09 33 32 30 32  |ERSION_NO...3202|
00000080  37 34 34 34 38 00 01 13  13 41 55 54 48 5f 56 45  |74448....AUTH_VE|
00000090  52 53 49 4f 4e 5f 53 54  41 54 55 53 01 01 01 30  |RSION_STATUS...0|
000000a0  00 01 15 15 41 55 54 48  5f 43 41 50 41 42 49 4c  |....AUTH_CAPABIL|
000000b0  49 54 59 5f 54 41 42 4c  45 00 00 01 0f 0f 41 55  |ITY_TABLE.....AU|
000000c0  54 48 5f 4c 41 53 54 5f  4c 4f 47 49 4e 01 1a 1a  |TH_LAST_LOGIN...|
000000d0  37 38 37 43 30 33 31 31  31 31 32 46 31 42 30 30  |787C0311112F1B00|
000000e0  30 30 30 30 30 30 30 30  30 30 00 01 0b 0b 41 55  |0000000000....AU|
000000f0  54 48 5f 44 42 4e 41 4d  45 01 20 20 47 30 33 36  |TH_DBNAME.  G036|
00000100  30 35 39 38 39 46 32 45  43 35 43 5f 59 31 32 50  |05989F2EC5C_Y12P|
00000110  42 35 46 46 45 45 35 4a  50 37 59 35 00 01 11 11  |B5FFEE5JP7Y5....|
00000120  41 55 54 48 5f 44 42 5f  4d 4f 55 4e 54 5f 49 44  |AUTH_DB_MOUNT_ID|
00000130  00 01 0a 0a 33 39 39 36  37 34 35 36 35 32 00 01  |....3996745652..|
00000140  0b 0b 41 55 54 48 5f 44  42 5f 49 44 00 01 0a 0a  |..AUTH_DB_ID....|
00000150  31 34 38 37 37 39 34 32  30 32 00 01 0c 0c 41 55  |1487794202....AU|
00000160  54 48 5f 55 53 45 52 5f  49 44 01 02 02 39 31 00  |TH_USER_ID...91.|
00000170  01 0f 0f 41 55 54 48 5f  53 45 53 53 49 4f 4e 5f  |...AUTH_SESSION_|
00000180  49 44 01 05 05 33 33 33  31 30 00 01 0f 0f 41 55  |ID...33310....AU|
00000190  54 48 5f 53 45 52 49 41  4c 5f 4e 55 4d 01 05 05  |TH_SERIAL_NUM...|
000001a0  32 32 39 30 33 00 01 10  10 41 55 54 48 5f 49 4e  |22903....AUTH_IN|
000001b0  53 54 41 4e 43 45 5f 4e  4f 01 01 01 32 00 01 10  |STANCE_NO...2...|
000001c0  10 41 55 54 48 5f 46 41  49 4c 4f 56 45 52 5f 49  |.AUTH_FAILOVER_I|
000001d0  44 01 01 01 31 00 01 0f  0f 41 55 54 48 5f 53 45  |D...1....AUTH_SE|
000001e0  52 56 45 52 5f 50 49 44  01 05 05 37 36 34 34 39  |RVER_PID...76449|
000001f0  00 01 13 13 41 55 54 48  5f 53 43 5f 53 45 52 56  |....AUTH_SC_SERV|
00000200  45 52 5f 48 4f 53 54 01  0d 0d 65 31 38 70 6f 64  |ER_HOST...e18pod|
00000210  2d 6c 66 69 6c 70 38 00  01 15 15 41 55 54 48 5f  |-lfilp8....AUTH_|
00000220  53 43 5f 44 42 55 4e 49  51 55 45 5f 4e 41 4d 45  |SC_DBUNIQUE_NAME|
00000230  01 07 07 65 6c 70 31 70  6f 64 00 01 15 15 41 55  |...elp1pod....AU|
00000240  54 48 5f 53 43 5f 49 4e  53 54 41 4e 43 45 5f 4e  |TH_SC_INSTANCE_N|
00000250  41 4d 45 01 08 08 65 6c  70 31 70 6f 64 32 00 01  |AME...elp1pod2..|
00000260  13 13 41 55 54 48 5f 53  43 5f 49 4e 53 54 41 4e  |..AUTH_SC_INSTAN|
00000270  43 45 5f 49 44 01 01 01  32 00 01 1b 1b 41 55 54  |CE_ID...2....AUT|
00000280  48 5f 53 43 5f 49 4e 53  54 41 4e 43 45 5f 53 54  |H_SC_INSTANCE_ST|
00000290  41 52 54 5f 54 49 4d 45  01 24 24 32 30 32 34 2d  |ART_TIME.$$2024-|
000002a0  30 33 2d 31 30 20 31 31  3a 30 31 3a 34 35 2e 30  |03-10 11:01:45.0|
000002b0  30 30 30 30 30 30 30 30  20 2d 30 33 3a 30 30 00  |00000000 -03:00.|
000002c0  01 11 11 41 55 54 48 5f  53 43 5f 44 42 5f 44 4f  |...AUTH_SC_DB_DO|
000002d0  4d 41 49 4e 00 00 01 14  14 41 55 54 48 5f 53 43  |MAIN.....AUTH_SC|
000002e0  5f 53 45 52 56 49 43 45  5f 4e 41 4d 45 01 3b 3b  |_SERVICE_NAME.;;|
000002f0  47 30 33 36 30 35 39 38  39 46 32 45 43 35 43 5f  |G03605989F2EC5C_|
00000300  59 31 32 50 42 35 46 46  45 45 35 4a 50 37 59 35  |Y12PB5FFEE5JP7Y5|
00000310  5f 6d 65 64 69 75 6d 2e  61 64 62 2e 6f 72 61 63  |_medium.adb.orac|
00000320  6c 65 63 6c 6f 75 64 2e  63 6f 6d 00 01 0f 0f 41  |lecloud.com....A|
00000330  55 54 48 5f 4f 4e 53 5f  43 4f 4e 46 49 47 01 4b  |UTH_ONS_CONFIG.K|
00000340  4b 6d 61 78 63 6f 6e 6e  65 63 74 69 6f 6e 73 2e  |Kmaxconnections.|
00000350  30 30 30 31 3d 30 30 30  33 0a 6e 6f 64 65 73 2e  |0001=0003.nodes.|
00000360  30 30 30 31 3d 61 64 62  2e 75 73 2d 61 73 68 62  |0001=adb.us-ashb|
00000370  75 72 6e 2d 31 2e 6f 72  61 63 6c 65 63 6c 6f 75  |urn-1.oracleclou|
00000380  64 2e 63 6f 6d 3a 36 32  30 30 0a 00 00 01 1b 1b  |d.com:6200......|
00000390  41 55 54 48 5f 4f 4e 53  5f 52 4c 42 5f 53 55 42  |AUTH_ONS_RLB_SUB|
000003a0  53 43 52 5f 50 41 54 54  45 52 4e 01 67 67 25 22  |SCR_PATTERN.gg%"|
000003b0  65 76 65 6e 74 54 79 70  65 3d 64 61 74 61 62 61  |eventType=databa|
000003c0  73 65 2f 65 76 65 6e 74  2f 73 65 72 76 69 63 65  |se/event/service|
000003d0  6d 65 74 72 69 63 73 2f  47 30 33 36 30 35 39 38  |metrics/G0360598|
000003e0  39 46 32 45 43 35 43 5f  59 31 32 50 42 35 46 46  |9F2EC5C_Y12PB5FF|
000003f0  45 45 35 4a 50 37 59 35  5f 6d 65 64 69 75 6d 2e  |EE5JP7Y5_medium.|
00000400  61 64 62 2e 6f 72 61 63  6c 65 63 6c 6f 75 64 2e  |adb.oraclecloud.|
00000410  63 6f 6d 22 00 00 01 1a  1a 41 55 54 48 5f 4f 4e  |com".....AUTH_ON|
00000420  53 5f 48 41 5f 53 55 42  53 43 52 5f 50 41 54 54  |S_HA_SUBSCR_PATT|
00000430  45 52 4e 01 49 49 28 22  65 76 65 6e 74 54 79 70  |ERN.II("eventTyp|
00000440  65 3d 64 61 74 61 62 61  73 65 2f 65 76 65 6e 74  |e=database/event|
00000450  2f 73 65 72 76 69 63 65  22 29 20 7c 20 28 22 65  |/service") | ("e|
00000460  76 65 6e 74 54 79 70 65  3d 64 61 74 61 62 61 73  |ventType=databas|
00000470  65 2f 65 76 65 6e 74 2f  68 6f 73 74 22 29 00 00  |e/event/host")..|
00000480  01 15 15 41 55 54 48 5f  46 41 49 4c 4f 56 45 52  |...AUTH_FAILOVER|
00000490  5f 52 45 54 52 49 45 53  01 01 01 30 00 01 13 13  |_RETRIES...0....|
000004a0  41 55 54 48 5f 46 41 49  4c 4f 56 45 52 5f 44 45  |AUTH_FAILOVER_DE|
000004b0  4c 41 59 01 01 01 30 00  01 11 11 41 55 54 48 5f  |LAY...0....AUTH_|
000004c0  53 43 5f 53 56 43 5f 46  4c 41 47 53 01 01 01 38  |SC_SVC_FLAGS...8|
000004d0  00 01 15 15 41 55 54 48  5f 46 41 49 4c 4f 56 45  |....AUTH_FAILOVE|
000004e0  52 5f 52 45 53 54 4f 52  45 01 01 01 30 00 01 11  |R_RESTORE...0...|
000004f0  11 41 55 54 48 5f 49 4e  53 54 41 4e 43 45 4e 41  |.AUTH_INSTANCENA|
00000500  4d 45 01 08 08 65 6c 70  31 70 6f 64 32 00 01 0f  |ME...elp1pod2...|
00000510  0f 41 55 54 48 5f 4e 4c  53 5f 4c 58 4c 41 4e 00  |.AUTH_NLS_LXLAN.|
00000520  01 08 08 41 4d 45 52 49  43 41 4e 00 01 16 16 41  |...AMERICAN....A|
00000530  55 54 48 5f 4e 4c 53 5f  4c 58 43 54 45 52 52 49  |UTH_NLS_LXCTERRI|
00000540  54 4f 52 59 00 01 07 07  41 4d 45 52 49 43 41 00  |TORY....AMERICA.|
00000550  01 15 15 41 55 54 48 5f  4e 4c 53 5f 4c 58 43 43  |...AUTH_NLS_LXCC|
00000560  55 52 52 45 4e 43 59 00  01 01 01 24 00 01 14 14  |URRENCY....$....|
00000570  41 55 54 48 5f 4e 4c 53  5f 4c 58 43 49 53 4f 43  |AUTH_NLS_LXCISOC|
00000580  55 52 52 00 01 07 07 41  4d 45 52 49 43 41 00 01  |URR....AMERICA..|
00000590  15 15 41 55 54 48 5f 4e  4c 53 5f 4c 58 43 4e 55  |..AUTH_NLS_LXCNU|
000005a0  4d 45 52 49 43 53 00 01  02 02 2e 2c 00 01 13 13  |MERICS.....,....|
000005b0  41 55 54 48 5f 4e 4c 53  5f 4c 58 43 44 41 54 45  |AUTH_NLS_LXCDATE|
000005c0  46 4d 00 01 09 09 44 44  2d 4d 4f 4e 2d 52 52 00  |FM....DD-MON-RR.|
000005d0  01 15 15 41 55 54 48 5f  4e 4c 53 5f 4c 58 43 44  |...AUTH_NLS_LXCD|
000005e0  41 54 45 4c 41 4e 47 00  01 08 08 41 4d 45 52 49  |ATELANG....AMERI|
000005f0  43 41 4e 00 01 11 11 41  55 54 48 5f 4e 4c 53 5f  |CAN....AUTH_NLS_|
00000600  4c 58 43 53 4f 52 54 00  01 06 06 42 49 4e 41 52  |LXCSORT....BINAR|
00000610  59 00 01 15 15 41 55 54  48 5f 4e 4c 53 5f 4c 58  |Y....AUTH_NLS_LX|
00000620  43 43 41 4c 45 4e 44 41  52 00 01 09 09 47 52 45  |CCALENDAR....GRE|
00000630  47 4f 52 49 41 4e 00 01  15 15 41 55 54 48 5f 4e  |GORIAN....AUTH_N|
00000640  4c 53 5f 4c 58 43 55 4e  49 4f 4e 43 55 52 00 01  |LS_LXCUNIONCUR..|
00000650  01 01 24 00 01 13 13 41  55 54 48 5f 4e 4c 53 5f  |..$....AUTH_NLS_|
00000660  4c 58 43 54 49 4d 45 46  4d 00 01 0e 0e 48 48 2e  |LXCTIMEFM....HH.|
00000670  4d 49 2e 53 53 58 46 46  20 41 4d 00 01 13 13 41  |MI.SSXFF AM....A|
00000680  55 54 48 5f 4e 4c 53 5f  4c 58 43 53 54 4d 50 46  |UTH_NLS_LXCSTMPF|
00000690  4d 00 01 18 18 44 44 2d  4d 4f 4e 2d 52 52 20 48  |M....DD-MON-RR H|
000006a0  48 2e 4d 49 2e 53 53 58  46 46 20 41 4d 00 01 13  |H.MI.SSXFF AM...|
000006b0  13 41 55 54 48 5f 4e 4c  53 5f 4c 58 43 54 54 5a  |.AUTH_NLS_LXCTTZ|
000006c0  4e 46 4d 00 01 12 12 48  48 2e 4d 49 2e 53 53 58  |NFM....HH.MI.SSX|
000006d0  46 46 20 41 4d 20 54 5a  52 00 01 13 13 41 55 54  |FF AM TZR....AUT|
000006e0  48 5f 4e 4c 53 5f 4c 58  43 53 54 5a 4e 46 4d 00  |H_NLS_LXCSTZNFM.|
000006f0  01 1c 1c 44 44 2d 4d 4f  4e 2d 52 52 20 48 48 2e  |...DD-MON-RR HH.|
00000700  4d 49 2e 53 53 58 46 46  20 41 4d 20 54 5a 52 00  |MI.SSXFF AM TZR.|
00000710  01 18 18 41 55 54 48 5f  4e 4c 53 5f 4c 58 4c 45  |...AUTH_NLS_LXLE|
00000720  4e 53 45 4d 41 4e 54 49  43 53 00 01 04 04 42 59  |NSEMANTICS....BY|
00000730  54 45 00 01 19 19 41 55  54 48 5f 4e 4c 53 5f 4c  |TE....AUTH_NLS_L|
00000740  58 4e 43 48 41 52 43 4f  4e 56 45 58 43 50 00 01  |XNCHARCONVEXCP..|
00000750  05 05 46 41 4c 53 45 00  01 10 10 41 55 54 48 5f  |..FALSE....AUTH_|
00000760  4e 4c 53 5f 4c 58 43 4f  4d 50 00 01 06 06 42 49  |NLS_LXCOMP....BI|
00000770  4e 41 52 59 00 01 11 11  41 55 54 48 5f 53 56 52  |NARY....AUTH_SVR|
00000780  5f 52 45 53 50 4f 4e 53  45 01 60 60 43 33 31 36  |_RESPONSE.``C316|
00000790  31 36 34 39 33 34 42 38  37 41 43 36 32 41 35 42  |164934B87AC62A5B|
000007a0  41 35 44 41 45 42 42 34  46 46 36 31 36 38 39 33  |A5DAEBB4FF616893|
000007b0  37 38 38 33 34 45 45 43  46 32 36 31 39 30 44 37  |78834EECF26190D7|
000007c0  38 45 32 38 31 35 33 31  39 34 35 31 35 39 34 44  |8E2815319451594D|
000007d0  38 30 46 32 43 39 45 35  38 32 45 41 43 37 42 31  |80F2C9E582EAC7B1|
000007e0  35 45 46 41 33 31 35 42  42 45 42 43 00 01 15 15  |5EFA315BBEBC....|
000007f0  41 55 54 48 5f 54 53 54  5a 5f 45 52 52 4f 52 5f  |AUTH_TSTZ_ERROR_|
00000800  43 48 45 43 4b 01 01 01  31 00 01 15 15 41 55 54  |CHECK...1....AUT|
00000810  48 5f 4d 41 58 5f 4f 50  45 4e 5f 43 55 52 53 4f  |H_MAX_OPEN_CURSO|
00000820  52 53 01 04 04 31 30 30  30 00 01 0d 0d 41 55 54  |RS...1000....AUT|
00000830  48 5f 50 44 42 5f 55 49  44 00 01 0a 0a 31 34 38  |H_PDB_UID....148|
00000840  37 37 39 34 32 30 32 00  01 14 14 41 55 54 48 5f  |7794202....AUTH_|
00000850  4d 41 58 5f 49 44 45 4e  5f 4c 45 4e 47 54 48 01  |MAX_IDEN_LENGTH.|
00000860  03 03 31 32 38 00 17 05  01 01 10 01 13 16 00 01  |..128...........|
00000870  08 08 41 4d 45 52 49 43  41 4e 01 10 00 01 07 07  |..AMERICAN......|
00000880  41 4d 45 52 49 43 41 01  09 00 01 01 01 24 00 00  |AMERICA......$..|
00000890  01 07 07 41 4d 45 52 49  43 41 01 01 00 01 02 02  |...AMERICA......|
000008a0  2e 2c 01 02 00 01 08 08  41 4c 33 32 55 54 46 38  |.,......AL32UTF8|
000008b0  01 0a 00 01 09 09 47 52  45 47 4f 52 49 41 4e 01  |......GREGORIAN.|
000008c0  0c 00 01 09 09 44 44 2d  4d 4f 4e 2d 52 52 01 07  |.....DD-MON-RR..|
000008d0  00 01 08 08 41 4d 45 52  49 43 41 4e 01 08 00 01  |....AMERICAN....|
000008e0  06 06 42 49 4e 41 52 59  01 0b 00 01 0e 0e 48 48  |..BINARY......HH|
000008f0  2e 4d 49 2e 53 53 58 46  46 20 41 4d 01 39 00 01  |.MI.SSXFF AM.9..|
00000900  18 18 44 44 2d 4d 4f 4e  2d 52 52 20 48 48 2e 4d  |..DD-MON-RR HH.M|
00000910  49 2e 53 53 58 46 46 20  41 4d 01 3a 00 01 12 12  |I.SSXFF AM.:....|
00000920  48 48 2e 4d 49 2e 53 53  58 46 46 20 41 4d 20 54  |HH.MI.SSXFF AM T|
00000930  5a 52 01 3b 00 01 1c 1c  44 44 2d 4d 4f 4e 2d 52  |ZR.;....DD-MON-R|
00000940  52 20 48 48 2e 4d 49 2e  53 53 58 46 46 20 41 4d  |R HH.MI.SSXFF AM|
00000950  20 54 5a 52 01 3c 00 01  01 01 24 01 34 00 01 06  | TZR.<....$.4...|
00000960  06 42 49 4e 41 52 59 01  32 00 01 04 04 42 59 54  |.BINARY.2....BYT|
00000970  45 01 3d 00 01 05 05 46  41 4c 53 45 01 3e 00 01  |E.=....FALSE.>..|
00000980  0b 0b 80 00 00 00 39 3c  3c 80 00 00 00 01 a3 00  |......9<<.......|
00000990  04 01 01 01 03 00 00 00  00 00 00 00 00 00 00 00  |................|
000009a0  00 00 00 00 00 00 00 00  00 00 00 00 00 00 00 00  |................|
000009b0  00                                                |.|
2024-03-17T13:46:36.1858: Summary: RetCode:0, Error Message:""
2024-03-17T13:46:36.1858: 
Write packet:
00000000  00 00 00 15 06 00 00 00  00 00 03 3b 00 01 02 01  |...........;....|
00000010  00 01 01 01 01                                    |.....|
2024-03-17T13:46:36.3851: 
Read packet:
00000000  00 00 00 72 06 20 00 00  00 00 08 01 5a 5a 4f 72  |...r. ......ZZOr|
00000010  61 63 6c 65 20 44 61 74  61 62 61 73 65 20 31 39  |acle Database 19|
00000020  63 20 45 6e 74 65 72 70  72 69 73 65 20 45 64 69  |c Enterprise Edi|
00000030  74 69 6f 6e 20 52 65 6c  65 61 73 65 20 31 39 2e  |tion Release 19.|
00000040  30 2e 30 2e 30 2e 30 20  2d 20 50 72 6f 64 75 63  |0.0.0.0 - Produc|
00000050  74 69 6f 6e 0a 56 65 72  73 69 6f 6e 20 31 39 2e  |tion.Version 19.|
00000060  32 33 2e 30 2e 31 2e 30  04 13 17 00 10 09 01 01  |23.0.1.0........|
00000070  01 03                                             |..|
2024-03-17T13:46:36.3851: Connected
2024-03-17T13:46:36.3851: Database Version: 19.1.0.0.16
2024-03-17T13:46:36.3852: Query With Context:SELECT SYSTIMESTAMP FROM DUAL
2024-03-17T13:46:36.3852: 
Write packet:
00000000  00 00 00 6b 06 00 00 00  00 00 03 5e 00 02 80 21  |...k.......^...!|
00000010  00 01 01 1d 01 01 0d 00  00 00 01 19 04 3f ff ff  |.............?..|
00000020  ff 00 00 00 00 00 00 00  00 00 00 00 01 00 00 00  |................|
00000030  00 00 00 00 00 00 00 00  00 00 00 00 1d 53 45 4c  |.............SEL|
00000040  45 43 54 20 53 59 53 54  49 4d 45 53 54 41 4d 50  |ECT SYSTIMESTAMP|
00000050  20 46 52 4f 4d 20 44 55  41 4c 01 01 00 00 00 00  | FROM DUAL......|
00000060  00 00 01 01 00 02 80 00  00 00 00                 |...........|
2024-03-17T13:46:36.5314: 
Read packet:
00000000  00 00 00 ce 06 20 00 00  00 00 10 17 8b c6 72 14  |..... ........r.|
00000010  f0 ab e4 c8 b5 1b 6c 3a  9e ee fd f3 78 7c 03 10  |......l:....x|..|
00000020  14 02 18 01 0d 01 01 5c  b5 00 00 01 06 01 01 00  |.......\........|
00000030  00 00 00 00 00 00 00 01  0c 01 0c 0c 53 59 53 54  |............SYST|
00000040  49 4d 45 53 54 41 4d 50  00 00 00 00 01 07 07 78  |IMESTAMP.......x|
00000050  7c 03 11 11 2f 25 00 02  1f e8 01 02 01 02 00 06  ||.../%..........|
00000060  22 01 01 00 01 19 00 00  00 07 0d 78 7c 03 11 11  |"..........x|...|
00000070  2f 25 1e e8 6a 20 54 3c  08 01 06 04 1d 94 69 c6  |/%..j T<......i.|
00000080  02 25 7b 01 02 00 00 00  00 00 00 04 01 01 01 04  |.%{.............|
00000090  01 01 02 05 7b 00 00 01  02 00 03 00 00 00 00 00  |....{...........|
000000a0  00 00 00 00 00 00 00 00  00 01 01 00 00 00 00 02  |................|
000000b0  05 7b 01 01 19 4f 52 41  2d 30 31 34 30 33 3a 20  |.{...ORA-01403: |
000000c0  6e 6f 20 64 61 74 61 20  66 6f 75 6e 64 0a        |no data found.|
2024-03-17T13:46:36.5315: Summary: RetCode:1403, Error Message:"ORA-01403: no data found\n"
2024-03-17T13:46:36.5315: Row 0
2024-03-17T13:46:36.5315:   SYSTIMESTAMP        : 2024-03-17 16:46:36.518548 +0000 UTC
2024-03-17T13:46:36.5315: Ping
2024-03-17T13:46:36.5315: 
Write packet:
00000000  00 00 00 0d 06 00 00 00  00 00 03 93 00           |.............|
2024-03-17T13:46:36.6920: 
Read packet:
00000000  00 00 00 0f 06 20 00 00  00 00 09 01 01 01 05     |..... .........|
2024-03-17T13:46:36.6920: Prepare With Context
select * from FEEDBACK where PRODUTO = 'WK41K' order by BOM desc
2024-03-17T13:46:36.6921: Query With Context:select * from FEEDBACK where PRODUTO = 'WK41K' order by BOM desc
2024-03-17T13:46:36.6921: 
Write packet:
00000000  00 00 00 8e 06 00 00 00  00 00 03 5e 00 02 80 21  |...........^...!|
00000010  00 01 01 40 01 01 0d 00  00 00 01 19 04 3f ff ff  |...@.........?..|
00000020  ff 00 00 00 00 00 00 00  00 00 00 00 01 00 00 00  |................|
00000030  00 00 00 00 00 00 00 00  00 00 00 00 40 73 65 6c  |............@sel|
00000040  65 63 74 20 2a 20 66 72  6f 6d 20 46 45 45 44 42  |ect * from FEEDB|
00000050  41 43 4b 20 77 68 65 72  65 20 50 52 4f 44 55 54  |ACK where PRODUT|
00000060  4f 20 3d 20 27 57 4b 34  31 4b 27 20 6f 72 64 65  |O = 'WK41K' orde|
00000070  72 20 62 79 20 42 4f 4d  20 64 65 73 63 01 01 00  |r by BOM desc...|
00000080  00 00 00 00 00 01 01 00  02 80 00 00 00 00        |..............|
2024-03-17T13:46:36.9000: 
Read packet:
00000000  00 00 01 f1 06 20 00 00  00 00 10 17 43 f2 38 6c  |..... ......C.8l|
00000010  01 69 c8 4c 31 f1 a9 39  4f af f7 46 78 7c 03 11  |.i.L1..9O..Fx|..|
00000020  11 2f 25 02 1f 82 01 05  5c 01 80 00 00 02 0f a0  |./%.....\.......|
00000030  00 00 00 00 02 03 69 01  02 0f a0 02 3f fe 01 10  |......i.....?...|
00000040  01 10 10 4e 4f 4d 45 5f  46 55 4e 43 49 4f 4e 41  |...NOME_FUNCIONA|
00000050  52 49 4f 00 00 00 00 01  80 00 00 02 0f a0 00 00  |RIO.............|
00000060  00 00 02 03 69 01 02 0f  a0 02 3f fe 01 07 01 07  |....i.....?.....|
00000070  07 50 52 4f 44 55 54 4f  00 00 01 01 00 02 00 00  |.PRODUTO........|
00000080  81 7f 01 16 00 00 00 00  00 00 00 00 01 03 01 03  |................|
00000090  03 42 4f 4d 00 00 01 02  00 02 00 00 81 7f 01 16  |.BOM............|
000000a0  00 00 00 00 00 00 00 00  01 04 01 04 04 52 55 49  |.............RUI|
000000b0  4d 00 00 01 03 00 02 00  00 81 7f 01 16 00 00 00  |M...............|
000000c0  00 00 00 00 00 01 0b 01  0b 0b 49 4e 44 49 46 45  |..........INDIFE|
000000d0  52 45 4e 54 45 00 00 01  04 00 01 07 07 78 7c 03  |RENTE........x|.|
000000e0  11 11 2f 25 01 01 02 1f  e8 01 0a 01 0a 00 06 22  |../%..........."|
000000f0  01 05 00 01 19 00 00 00  07 13 53 74 c3 a9 70 68  |..........St..ph|
00000100  61 6e 65 20 4d 61 6c 6c  61 72 6d c3 a9 05 57 4b  |ane Mallarm...WK|
00000110  34 31 4b 02 c1 09 02 c1  02 02 c1 07 07 0d 57 6f  |41K...........Wo|
00000120  6f 64 79 20 47 75 74 68  72 69 65 05 57 4b 34 31  |ody Guthrie.WK41|
00000130  4b 02 c1 03 02 c1 04 02  c1 02 15 01 03 19 07 11  |K...............|
00000140  46 72 61 6e 63 65 73 63  6f 20 43 6f 73 73 69 67  |Francesco Cossig|
00000150  61 02 c1 03 01 80 15 01  03 19 07 19 50 68 69 6c  |a...........Phil|
00000160  69 70 70 20 4c 75 64 77  69 67 20 76 6f 6e 20 53  |ipp Ludwig von S|
00000170  65 69 64 65 6c 02 c1 06  02 c1 09 15 01 04 1d 07  |eidel...........|
00000180  11 47 65 6f 72 67 65 20  57 61 73 68 69 6e 67 74  |.George Washingt|
00000190  6f 6e 02 c1 02 02 c1 02  01 80 08 01 06 04 1d 94  |on..............|
000001a0  70 ff 02 25 7b 01 03 00  00 00 00 00 00 04 01 01  |p..%{...........|
000001b0  01 06 01 05 02 05 7b 00  00 01 03 01 0e 03 00 00  |......{.........|
000001c0  00 00 00 00 00 00 00 00  00 00 00 00 01 01 00 00  |................|
000001d0  00 00 02 05 7b 01 05 19  4f 52 41 2d 30 31 34 30  |....{...ORA-0140|
000001e0  33 3a 20 6e 6f 20 64 61  74 61 20 66 6f 75 6e 64  |3: no data found|
000001f0  0a                                                |.|
2024-03-17T13:46:36.9001: Summary: RetCode:1403, Error Message:"ORA-01403: no data found\n"
2024-03-17T13:46:36.9001: Row 0
2024-03-17T13:46:36.9001:   NOME_FUNCIONARIO    : Stphane Mallarm
2024-03-17T13:46:36.9001:   PRODUTO             : WK41K
2024-03-17T13:46:36.9001:   BOM                 : 8
2024-03-17T13:46:36.9001:   RUIM                : 1
2024-03-17T13:46:36.9001:   INDIFERENTE         : 6
2024-03-17T13:46:36.9001: Row 1
2024-03-17T13:46:36.9001:   NOME_FUNCIONARIO    : Woody Guthrie
2024-03-17T13:46:36.9001:   PRODUTO             : WK41K
2024-03-17T13:46:36.9001:   BOM                 : 2
2024-03-17T13:46:36.9001:   RUIM                : 3
2024-03-17T13:46:36.9001:   INDIFERENTE         : 1
2024-03-17T13:46:36.9001: Row 2
2024-03-17T13:46:36.9002:   NOME_FUNCIONARIO    : Francesco Cossiga
2024-03-17T13:46:36.9002:   PRODUTO             : WK41K
2024-03-17T13:46:36.9002:   BOM                 : 2
2024-03-17T13:46:36.9002:   RUIM                : 2
2024-03-17T13:46:36.9002:   INDIFERENTE         : 0
2024-03-17T13:46:36.9002: Row 3
2024-03-17T13:46:36.9002:   NOME_FUNCIONARIO    : Philipp Ludwig von Seidel
2024-03-17T13:46:36.9002:   PRODUTO             : WK41K
2024-03-17T13:46:36.9002:   BOM                 : 2
2024-03-17T13:46:36.9002:   RUIM                : 5
2024-03-17T13:46:36.9002:   INDIFERENTE         : 8
2024-03-17T13:46:36.9002: Row 4
2024-03-17T13:46:36.9002:   NOME_FUNCIONARIO    : George Washington
2024-03-17T13:46:36.9002:   PRODUTO             : WK41K
2024-03-17T13:46:36.9002:   BOM                 : 1
2024-03-17T13:46:36.9002:   RUIM                : 1
2024-03-17T13:46:36.9002:   INDIFERENTE         : 0
2024-03-17T13:46:36.9003: 
Write packet:
00000000  00 00 00 15 06 00 00 00  00 00 11 69 00 01 01 01  |...........i....|
00000010  01 03 03 93 00                                    |.....|
2024-03-17T13:46:37.1094: 
Read packet:
00000000  00 00 00 0f 06 20 00 00  00 00 09 01 01 01 08     |..... .........|
2024-03-17T13:46:37.1095: Close
2024-03-17T13:46:37.1095: Logoff
2024-03-17T13:46:37.1095: 
Write packet:
00000000  00 00 00 0d 06 00 00 00  00 00 03 09 00           |.............|
2024-03-17T13:46:37.2978: 
Read packet:
00000000  00 00 00 0e 06 20 00 00  00 00 09 01 01 00        |..... ........|
2024-03-17T13:46:37.2979: 
Write packet:
00000000  00 00 00 0a 06 00 00 00  00 40                    |.........@|
2024-03-17T13:46:37.2979: Connection Closed
